<?xml version="1.0" encoding="UTF-8"?>
<!-- Generated by org.testng.reporters.JUnitXMLReporter -->
<testsuite hostname="IBM763-PC0F1EA8" ignored="0" name="Default test" tests="2" failures="0" timestamp="14 Dec 2018 10:28:38 GMT" time="0.066" errors="0">
  <testcase name="@BeforeMethod skip" time="0.015" classname="Testcases.skippackage">
    <skipped/>
  </testcase> <!-- @BeforeMethod skip -->
  <testcase name="@BeforeMethod skip" time="0.0" classname="Testcases.skippackage">
    <skipped/>
  </testcase> <!-- @BeforeMethod skip -->
  <testcase name="testCaseConditionalSkipException" time="0.0" classname="Testcases.skippackage">
    <skipped/>
  </testcase> <!-- testCaseConditionalSkipException -->
  <testcase name="testCaseEnabling" time="0.0" classname="Testcases.skippackage">
    <skipped/>
  </testcase> <!-- testCaseEnabling -->
</testsuite> <!-- Default test -->
